
--- Inicio de ejecucion: jue 25/06/2026  9:20:13.82 --- 
2026-06-25 09:20:14,321 - INFO - --- Sincronizando: gc_cartera_agencia -> fct_stock_manubl_agencia_month ---
D:\Proyectos\Actualiacion_carteras\main.py:28: UserWarning: pandas only supports SQLAlchemy connectable (engine/connection) or database string URI or sqlite3 DBAPI2 connection. Other DBAPI2 objects are not tested. Please consider using SQLAlchemy.
  df = pd.read_sql(query, conn_remote)
2026-06-25 09:20:14,706 - INFO - \u2705 Éxito: 10 registros cargados en fct_stock_manubl_agencia_month
2026-06-25 09:20:14,716 - INFO - --- Sincronizando: gc_cartera_asesor -> fct_stock_manubl_asesor_month ---
D:\Proyectos\Actualiacion_carteras\main.py:28: UserWarning: pandas only supports SQLAlchemy connectable (engine/connection) or database string URI or sqlite3 DBAPI2 connection. Other DBAPI2 objects are not tested. Please consider using SQLAlchemy.
  df = pd.read_sql(query, conn_remote)
2026-06-25 09:20:14,876 - INFO - \u2705 Éxito: 102 registros cargados en fct_stock_manubl_asesor_month
[EXITO] Sincronizacion completada correctamente 
--- Fin de ejecucion: jue 25/06/2026  9:20:14.96 --- 
------------------------------------------ 
--- Inicio de ejecucion: jue 25/06/2026  9:50:02.96 --- 
2026-06-25 09:50:03,482 - INFO - --- Sincronizando: gc_cartera_agencia -> fct_stock_manubl_agencia_month ---
D:\Proyectos\Actualiacion_carteras\main.py:28: UserWarning: pandas only supports SQLAlchemy connectable (engine/connection) or database string URI or sqlite3 DBAPI2 connection. Other DBAPI2 objects are not tested. Please consider using SQLAlchemy.
  df = pd.read_sql(query, conn_remote)
2026-06-25 09:50:03,854 - INFO - \u2705 Éxito: 10 registros cargados en fct_stock_manubl_agencia_month
2026-06-25 09:50:03,868 - INFO - --- Sincronizando: gc_cartera_asesor -> fct_stock_manubl_asesor_month ---
D:\Proyectos\Actualiacion_carteras\main.py:28: UserWarning: pandas only supports SQLAlchemy connectable (engine/connection) or database string URI or sqlite3 DBAPI2 connection. Other DBAPI2 objects are not tested. Please consider using SQLAlchemy.
  df = pd.read_sql(query, conn_remote)
2026-06-25 09:50:03,989 - INFO - \u2705 Éxito: 102 registros cargados en fct_stock_manubl_asesor_month
[EXITO] Sincronizacion completada correctamente 
--- Fin de ejecucion: jue 25/06/2026  9:50:04.10 --- 
------------------------------------------ 
